\BOOKMARK [1][-]{section*.2}{Overview}{}% 1
\BOOKMARK [1][-]{section*.3}{Logging On and Passwords}{}% 2
\BOOKMARK [1][-]{section*.4}{Initial Setup}{}% 3
\BOOKMARK [2][-]{section*.5}{Enabling MathView or DragMath}{section*.4}% 4
\BOOKMARK [2][-]{section*.6}{Reduced Credit Period}{section*.4}% 5
\BOOKMARK [2][-]{section*.7}{Course Achievements}{section*.4}% 6
\BOOKMARK [1][-]{section*.8}{Adding/Dropping Students}{}% 7
\BOOKMARK [2][-]{section*.9}{Adding Many Students at Once}{section*.8}% 8
\BOOKMARK [2][-]{section*.10}{Adding Students One \(or a Small Number\) at a Time}{section*.8}% 9
\BOOKMARK [2][-]{section*.11}{The Orientation Assignment}{section*.8}% 10
\BOOKMARK [2][-]{section*.12}{Removing Students}{section*.8}% 11
\BOOKMARK [2][-]{section*.13}{Guest Accounts}{section*.8}% 12
\BOOKMARK [1][-]{section*.14}{Making a New Problem Set}{}% 13
\BOOKMARK [2][-]{section*.15}{Add Problems}{section*.14}% 14
\BOOKMARK [2][-]{section*.16}{Set Description}{section*.14}% 15
\BOOKMARK [2][-]{section*.17}{Assign the Set to Students}{section*.14}% 16
\BOOKMARK [2][-]{section*.18}{Do the Assignment Yourself}{section*.14}% 17
\BOOKMARK [2][-]{section*.19}{Set Attempts}{section*.14}% 18
\BOOKMARK [2][-]{section*.20}{Assignment Header}{section*.14}% 19
\BOOKMARK [2][-]{section*.21}{Hardcopy Header}{section*.14}% 20
\BOOKMARK [2][-]{section*.22}{Set the Dates}{section*.14}% 21
\BOOKMARK [2][-]{section*.23}{Reduced Credit Period}{section*.14}% 22
\BOOKMARK [1][-]{section*.24}{Quizzes/Exams}{}% 23
\BOOKMARK [2][-]{section*.25}{Problem Groups}{section*.24}% 24
\BOOKMARK [1][-]{section*.26}{Importing and Exporting Assignments}{}% 25
\BOOKMARK [2][-]{section*.27}{Exporting an Assignment}{section*.26}% 26
\BOOKMARK [2][-]{section*.28}{Importing Assignments}{section*.26}% 27
\BOOKMARK [2][-]{section*.29}{Orientation Assignment}{section*.26}% 28
\BOOKMARK [1][-]{section*.30}{Problems With Problems}{}% 29
\BOOKMARK [2][-]{section*.31}{Modifying an Existing Problem}{section*.30}% 30
\BOOKMARK [2][-]{section*.32}{Writing Your Own Problems}{section*.30}% 31
\BOOKMARK [2][-]{section*.33}{If A Problem Turns Out To Be Truly Bad}{section*.30}% 32
\BOOKMARK [1][-]{section*.34}{When You Receive a Student Email}{}% 33
\BOOKMARK [1][-]{section*.35}{Assessment}{}% 34
\BOOKMARK [2][-]{section*.36}{Scoring}{section*.35}% 35
\BOOKMARK [2][-]{section*.37}{Statistics}{section*.35}% 36
\BOOKMARK [2][-]{section*.38}{Student Progress}{section*.35}% 37
\BOOKMARK [1][-]{section*.39}{Editing Data: Change a Single Student's Scores, Attempts, or Due Dates}{}% 38
\BOOKMARK [1][-]{section*.40}{`Gamification' of WeBWorK with Math Achievements}{}% 39
\BOOKMARK [2][-]{section*.41}{Math Achievements}{section*.40}% 40
\BOOKMARK [2][-]{section*.42}{Challenge Problem Achievements}{section*.40}% 41
\BOOKMARK [2][-]{section*.43}{Achievement Items}{section*.40}% 42
\BOOKMARK [1][-]{section*.44}{Good Ideas to Keep Everything Running Smoothly}{}% 43
